2018-10-26 11:38:01,705 INFO o.a.j.u.JMeterUtils: Setting Locale to en_EN
2018-10-26 11:38:01,719 INFO o.a.j.JMeter: Loading user properties from: E:\Jmeter\apache-jmeter-5.0\bin\user.properties
2018-10-26 11:38:01,719 INFO o.a.j.JMeter: Loading system properties from: E:\Jmeter\apache-jmeter-5.0\bin\system.properties
2018-10-26 11:38:01,719 INFO o.a.j.JMeter: Copyright (c) 1998-2018 The Apache Software Foundation
2018-10-26 11:38:01,719 INFO o.a.j.JMeter: Version 5.0 r1840935
2018-10-26 11:38:01,719 INFO o.a.j.JMeter: java.version=1.8.0_121
2018-10-26 11:38:01,719 INFO o.a.j.JMeter: java.vm.name=Java HotSpot(TM) 64-Bit Server VM
2018-10-26 11:38:01,719 INFO o.a.j.JMeter: os.name=Windows 7
2018-10-26 11:38:01,719 INFO o.a.j.JMeter: os.arch=amd64
2018-10-26 11:38:01,719 INFO o.a.j.JMeter: os.version=6.1
2018-10-26 11:38:01,719 INFO o.a.j.JMeter: file.encoding=GBK
2018-10-26 11:38:01,719 INFO o.a.j.JMeter: Max memory     =1073741824
2018-10-26 11:38:01,719 INFO o.a.j.JMeter: Available Processors =4
2018-10-26 11:38:01,735 INFO o.a.j.JMeter: Default Locale=English (EN)
2018-10-26 11:38:01,735 INFO o.a.j.JMeter: JMeter  Locale=English (EN)
2018-10-26 11:38:01,735 INFO o.a.j.JMeter: JMeterHome=E:\Jmeter\apache-jmeter-5.0
2018-10-26 11:38:01,735 INFO o.a.j.JMeter: user.dir  =D:\PythonProjects\DjangoProject\guest
2018-10-26 11:38:01,735 INFO o.a.j.JMeter: PWD       =D:\PythonProjects\DjangoProject\guest
2018-10-26 11:38:01,735 INFO o.a.j.JMeter: IP: 169.254.223.85 Name: panxueyan-thinkpad FullName: panxueyan-thinkpad
2018-10-26 11:38:01,934 INFO o.a.j.g.a.LookAndFeelCommand: Installing Darcula LAF
2018-10-26 11:38:01,953 INFO o.a.j.g.a.LookAndFeelCommand: Using look and feel: com.bulenkov.darcula.DarculaLaf [Darcula]
2018-10-26 11:38:01,953 INFO o.a.j.JMeter: Setting LAF to: com.bulenkov.darcula.DarculaLaf
2018-10-26 11:38:02,032 INFO o.a.j.JMeter: Loaded icon properties from org/apache/jmeter/images/icon.properties
2018-10-26 11:38:02,781 INFO o.a.j.e.u.CompoundVariable: Note: Function class names must contain the string: '.functions.'
2018-10-26 11:38:02,781 INFO o.a.j.e.u.CompoundVariable: Note: Function class names must not contain the string: '.gui.'
2018-10-26 11:38:06,048 INFO o.a.j.p.h.s.HTTPSamplerBase: Parser for text/html is org.apache.jmeter.protocol.http.parser.LagartoBasedHtmlParser
2018-10-26 11:38:06,049 INFO o.a.j.p.h.s.HTTPSamplerBase: Parser for application/xhtml+xml is org.apache.jmeter.protocol.http.parser.LagartoBasedHtmlParser
2018-10-26 11:38:06,049 INFO o.a.j.p.h.s.HTTPSamplerBase: Parser for application/xml is org.apache.jmeter.protocol.http.parser.LagartoBasedHtmlParser
2018-10-26 11:38:06,049 INFO o.a.j.p.h.s.HTTPSamplerBase: Parser for text/xml is org.apache.jmeter.protocol.http.parser.LagartoBasedHtmlParser
2018-10-26 11:38:06,049 INFO o.a.j.p.h.s.HTTPSamplerBase: Parser for text/vnd.wap.wml is org.apache.jmeter.protocol.http.parser.RegexpHTMLParser
2018-10-26 11:38:06,049 INFO o.a.j.p.h.s.HTTPSamplerBase: Parser for text/css is org.apache.jmeter.protocol.http.parser.CssParser
2018-10-26 11:38:06,695 INFO o.j.r.JARSourceHTTP: Requesting https://jmeter-plugins.org/repo/?installID=windows_7-a3cf30868041e1a70e0dbece832ab064-gui
2018-10-26 11:38:07,145 INFO o.a.j.e.KeyToolUtils: keytool found at 'keytool'
2018-10-26 11:38:07,147 INFO o.a.j.p.h.p.ProxyControl: HTTP(S) Test Script Recorder SSL Proxy will use keys that support embedded 3rd party resources in file E:\Jmeter\apache-jmeter-5.0\bin\proxyserver.jks
2018-10-26 11:38:07,430 INFO o.a.j.s.FileServer: Default base='D:\PythonProjects\DjangoProject\guest'
2018-10-26 11:38:08,201 INFO o.a.j.s.SampleResult: Note: Sample TimeStamps are START times
2018-10-26 11:38:08,201 INFO o.a.j.s.SampleResult: sampleresult.default.encoding is set to ISO-8859-1
2018-10-26 11:38:08,201 INFO o.a.j.s.SampleResult: sampleresult.useNanoTime=true
2018-10-26 11:38:08,201 INFO o.a.j.s.SampleResult: sampleresult.nanoThreadSleep=5000
2018-10-26 11:38:12,296 INFO o.j.r.PluginManager: Plugins Status: [jpgc-graphs-basic=2.0, jpgc-cmd=2.2, jpgc-graphs-composite=2.0, jpgc-casutg=2.6, jpgc-perfmon=2.1, jpgc-plugins-manager=1.3, jmeter-core=5.0, jmeter-ftp=5.0, jmeter-http=5.0, jmeter-jdbc=5.0, jmeter-jms=5.0, jmeter-junit=5.0, jmeter-java=5.0, jmeter-ldap=5.0, jmeter-mail=5.0, jmeter-mongodb=5.0, jmeter-native=5.0, jmeter-tcp=5.0, jmeter-components=5.0]
2018-10-26 11:51:28,019 INFO o.a.j.g.a.Load: Loading file: C:\Users\admin\Desktop\Ecap_jmter\test\login_my_site.jmx
2018-10-26 11:51:28,019 INFO o.a.j.s.FileServer: Set new base='C:\Users\admin\Desktop\Ecap_jmter\test'
2018-10-26 11:51:28,284 INFO o.a.j.s.SaveService: Testplan (JMX) version: 2.2. Testlog (JTL) version: 2.2
2018-10-26 11:51:28,330 INFO o.a.j.s.SaveService: Using SaveService properties file encoding UTF-8
2018-10-26 11:51:28,331 INFO o.a.j.s.SaveService: Using SaveService properties version 5.0
2018-10-26 11:51:28,335 INFO o.a.j.s.SaveService: Loading file: C:\Users\admin\Desktop\Ecap_jmter\test\login_my_site.jmx
2018-10-26 11:51:28,628 INFO o.a.j.p.h.c.CookieManager: Settings: Delete null: true Check: true Allow variable: true Save: false Prefix: COOKIE_
2018-10-26 11:51:29,145 INFO o.a.j.s.FileServer: Set new base='C:\Users\admin\Desktop\Ecap_jmter\test'
2018-10-26 11:51:36,708 INFO o.a.j.e.StandardJMeterEngine: Running the test!
2018-10-26 11:51:36,709 INFO o.a.j.s.SampleEvent: List of sample_variables: []
2018-10-26 11:51:36,709 INFO o.a.j.s.SampleEvent: List of sample_variables: []
2018-10-26 11:51:36,786 INFO o.a.j.g.u.JMeterMenuBar: setRunning(true, *local*)
2018-10-26 11:51:36,996 INFO o.a.j.e.StandardJMeterEngine: Starting ThreadGroup: 1 : login_my_site
2018-10-26 11:51:36,996 INFO o.a.j.e.StandardJMeterEngine: Starting 1 threads for group login_my_site.
2018-10-26 11:51:36,996 INFO o.a.j.e.StandardJMeterEngine: Thread will continue on error
2018-10-26 11:51:36,997 INFO o.a.j.t.ThreadGroup: Starting thread group... number=1 threads=1 ramp-up=1 perThread=1000.0 delayedStart=false
2018-10-26 11:51:37,026 INFO o.a.j.t.ThreadGroup: Started thread group number 1
2018-10-26 11:51:37,027 INFO o.a.j.e.StandardJMeterEngine: All thread groups have been started
2018-10-26 11:51:37,052 INFO o.a.j.t.JMeterThread: Thread started: login_my_site 1-1
2018-10-26 11:51:37,090 INFO o.a.j.p.h.s.HTTPHCAbstractImpl: Local host = panxueyan-thinkpad
2018-10-26 11:51:37,108 INFO o.a.j.p.h.s.HTTPHC4Impl: HTTP request retry count = 0
2018-10-26 11:51:38,125 INFO o.a.j.u.BeanShellTestElement: ddd
2018-10-26 11:51:38,130 ERROR o.a.j.u.BeanShellInterpreter: Error invoking bsh method: eval	Sourced file: inline evaluation of: ``log.info(failer);'' : Undefined argument: failer 
2018-10-26 11:51:38,130 WARN o.a.j.p.j.s.BeanShellSampler: Exception executing script. org.apache.jorphan.util.JMeterException: Error invoking bsh method: eval	Sourced file: inline evaluation of: ``log.info(failer);'' : Undefined argument: failer 
2018-10-26 11:51:38,131 INFO o.a.j.u.BeanShellTestElement: ddd
2018-10-26 11:51:38,367 INFO o.a.j.u.BeanShellTestElement: ddd
2018-10-26 11:51:38,369 INFO o.a.j.t.JMeterThread: Thread is done: login_my_site 1-1
2018-10-26 11:51:38,369 INFO o.a.j.t.JMeterThread: Thread finished: login_my_site 1-1
2018-10-26 11:51:38,372 INFO o.a.j.e.StandardJMeterEngine: Notifying test listeners of end of test
2018-10-26 11:51:38,372 INFO o.a.j.g.u.JMeterMenuBar: setRunning(false, *local*)
2018-10-26 11:53:00,088 INFO o.a.j.e.StandardJMeterEngine: Running the test!
2018-10-26 11:53:00,089 INFO o.a.j.s.SampleEvent: List of sample_variables: []
2018-10-26 11:53:00,094 INFO o.a.j.g.u.JMeterMenuBar: setRunning(true, *local*)
2018-10-26 11:53:00,265 INFO o.a.j.e.StandardJMeterEngine: Starting ThreadGroup: 1 : login_my_site
2018-10-26 11:53:00,265 INFO o.a.j.e.StandardJMeterEngine: Starting 1 threads for group login_my_site.
2018-10-26 11:53:00,265 INFO o.a.j.e.StandardJMeterEngine: Thread will continue on error
2018-10-26 11:53:00,265 INFO o.a.j.t.ThreadGroup: Starting thread group... number=1 threads=1 ramp-up=1 perThread=1000.0 delayedStart=false
2018-10-26 11:53:00,280 INFO o.a.j.t.ThreadGroup: Started thread group number 1
2018-10-26 11:53:00,280 INFO o.a.j.e.StandardJMeterEngine: All thread groups have been started
2018-10-26 11:53:00,280 INFO o.a.j.t.JMeterThread: Thread started: login_my_site 1-1
2018-10-26 11:53:00,528 INFO o.a.j.u.BeanShellTestElement: ddd
2018-10-26 11:53:00,532 ERROR o.a.j.u.BeanShellInterpreter: Error invoking bsh method: eval	Sourced file: inline evaluation of: ``log.info(failer);'' : Undefined argument: failer 
2018-10-26 11:53:00,533 WARN o.a.j.p.j.s.BeanShellSampler: Exception executing script. org.apache.jorphan.util.JMeterException: Error invoking bsh method: eval	Sourced file: inline evaluation of: ``log.info(failer);'' : Undefined argument: failer 
2018-10-26 11:53:00,533 INFO o.a.j.u.BeanShellTestElement: ddd
2018-10-26 11:53:00,767 INFO o.a.j.u.BeanShellTestElement: ddd
2018-10-26 11:53:00,768 INFO o.a.j.t.JMeterThread: Thread is done: login_my_site 1-1
2018-10-26 11:53:00,768 INFO o.a.j.t.JMeterThread: Thread finished: login_my_site 1-1
2018-10-26 11:53:00,768 INFO o.a.j.e.StandardJMeterEngine: Notifying test listeners of end of test
2018-10-26 11:53:00,768 INFO o.a.j.g.u.JMeterMenuBar: setRunning(false, *local*)
2018-10-26 11:53:17,680 INFO o.a.j.e.StandardJMeterEngine: Running the test!
2018-10-26 11:53:17,681 INFO o.a.j.s.SampleEvent: List of sample_variables: []
2018-10-26 11:53:17,683 INFO o.a.j.g.u.JMeterMenuBar: setRunning(true, *local*)
2018-10-26 11:53:17,691 INFO o.a.j.e.StandardJMeterEngine: Starting ThreadGroup: 1 : login_my_site
2018-10-26 11:53:17,691 INFO o.a.j.e.StandardJMeterEngine: Starting 1 threads for group login_my_site.
2018-10-26 11:53:17,691 INFO o.a.j.e.StandardJMeterEngine: Thread will continue on error
2018-10-26 11:53:17,691 INFO o.a.j.t.ThreadGroup: Starting thread group... number=1 threads=1 ramp-up=1 perThread=1000.0 delayedStart=false
2018-10-26 11:53:17,702 INFO o.a.j.t.ThreadGroup: Started thread group number 1
2018-10-26 11:53:17,702 INFO o.a.j.e.StandardJMeterEngine: All thread groups have been started
2018-10-26 11:53:17,702 INFO o.a.j.t.JMeterThread: Thread started: login_my_site 1-1
2018-10-26 11:53:18,051 INFO o.a.j.u.BeanShellTestElement: ddd
2018-10-26 11:53:18,055 ERROR o.a.j.u.BeanShellInterpreter: Error invoking bsh method: eval	Sourced file: inline evaluation of: ``log.info(failer);'' : Undefined argument: failer 
2018-10-26 11:53:18,056 WARN o.a.j.p.j.s.BeanShellSampler: Exception executing script. org.apache.jorphan.util.JMeterException: Error invoking bsh method: eval	Sourced file: inline evaluation of: ``log.info(failer);'' : Undefined argument: failer 
2018-10-26 11:53:18,057 INFO o.a.j.u.BeanShellTestElement: ddd
2018-10-26 11:53:18,236 INFO o.a.j.u.BeanShellTestElement: ddd
2018-10-26 11:53:18,236 INFO o.a.j.t.JMeterThread: Thread is done: login_my_site 1-1
2018-10-26 11:53:18,236 INFO o.a.j.t.JMeterThread: Thread finished: login_my_site 1-1
2018-10-26 11:53:18,237 INFO o.a.j.e.StandardJMeterEngine: Notifying test listeners of end of test
2018-10-26 11:53:18,238 INFO o.a.j.g.u.JMeterMenuBar: setRunning(false, *local*)
2018-10-26 11:53:40,520 INFO o.a.j.e.StandardJMeterEngine: Running the test!
2018-10-26 11:53:40,521 INFO o.a.j.s.SampleEvent: List of sample_variables: []
2018-10-26 11:53:40,527 INFO o.a.j.g.u.JMeterMenuBar: setRunning(true, *local*)
2018-10-26 11:53:40,692 INFO o.a.j.e.StandardJMeterEngine: Starting ThreadGroup: 1 : login_my_site
2018-10-26 11:53:40,692 INFO o.a.j.e.StandardJMeterEngine: Starting 1 threads for group login_my_site.
2018-10-26 11:53:40,692 INFO o.a.j.e.StandardJMeterEngine: Thread will continue on error
2018-10-26 11:53:40,692 INFO o.a.j.t.ThreadGroup: Starting thread group... number=1 threads=1 ramp-up=1 perThread=1000.0 delayedStart=false
2018-10-26 11:53:40,699 INFO o.a.j.t.ThreadGroup: Started thread group number 1
2018-10-26 11:53:40,699 INFO o.a.j.e.StandardJMeterEngine: All thread groups have been started
2018-10-26 11:53:40,700 INFO o.a.j.t.JMeterThread: Thread started: login_my_site 1-1
2018-10-26 11:53:40,867 INFO o.a.j.u.BeanShellTestElement: ddd
2018-10-26 11:53:41,108 INFO o.a.j.u.BeanShellTestElement: ddd
2018-10-26 11:53:41,108 INFO o.a.j.t.JMeterThread: Thread is done: login_my_site 1-1
2018-10-26 11:53:41,108 INFO o.a.j.t.JMeterThread: Thread finished: login_my_site 1-1
2018-10-26 11:53:41,108 INFO o.a.j.e.StandardJMeterEngine: Notifying test listeners of end of test
2018-10-26 11:53:41,108 INFO o.a.j.g.u.JMeterMenuBar: setRunning(false, *local*)
2018-10-26 11:54:01,324 INFO o.a.j.e.StandardJMeterEngine: Running the test!
2018-10-26 11:54:01,325 INFO o.a.j.s.SampleEvent: List of sample_variables: []
2018-10-26 11:54:01,328 INFO o.a.j.g.u.JMeterMenuBar: setRunning(true, *local*)
2018-10-26 11:54:01,458 INFO o.a.j.e.StandardJMeterEngine: Starting ThreadGroup: 1 : login_my_site
2018-10-26 11:54:01,459 INFO o.a.j.e.StandardJMeterEngine: Starting 1 threads for group login_my_site.
2018-10-26 11:54:01,459 INFO o.a.j.e.StandardJMeterEngine: Thread will continue on error
2018-10-26 11:54:01,459 INFO o.a.j.t.ThreadGroup: Starting thread group... number=1 threads=1 ramp-up=1 perThread=1000.0 delayedStart=false
2018-10-26 11:54:01,464 INFO o.a.j.t.ThreadGroup: Started thread group number 1
2018-10-26 11:54:01,465 INFO o.a.j.e.StandardJMeterEngine: All thread groups have been started
2018-10-26 11:54:01,465 INFO o.a.j.t.JMeterThread: Thread started: login_my_site 1-1
2018-10-26 11:54:01,826 INFO o.a.j.u.BeanShellTestElement: ddd
2018-10-26 11:54:02,133 INFO o.a.j.u.BeanShellTestElement: ddd
2018-10-26 11:54:02,133 INFO o.a.j.t.JMeterThread: Thread is done: login_my_site 1-1
2018-10-26 11:54:02,133 INFO o.a.j.t.JMeterThread: Thread finished: login_my_site 1-1
2018-10-26 11:54:02,134 INFO o.a.j.e.StandardJMeterEngine: Notifying test listeners of end of test
2018-10-26 11:54:02,134 INFO o.a.j.g.u.JMeterMenuBar: setRunning(false, *local*)
2018-10-26 11:54:34,269 INFO o.a.j.e.StandardJMeterEngine: Running the test!
2018-10-26 11:54:34,269 INFO o.a.j.s.SampleEvent: List of sample_variables: []
2018-10-26 11:54:34,271 INFO o.a.j.g.u.JMeterMenuBar: setRunning(true, *local*)
2018-10-26 11:54:34,460 INFO o.a.j.e.StandardJMeterEngine: Starting ThreadGroup: 1 : login_my_site
2018-10-26 11:54:34,460 INFO o.a.j.e.StandardJMeterEngine: Starting 1 threads for group login_my_site.
2018-10-26 11:54:34,460 INFO o.a.j.e.StandardJMeterEngine: Thread will continue on error
2018-10-26 11:54:34,460 INFO o.a.j.t.ThreadGroup: Starting thread group... number=1 threads=1 ramp-up=1 perThread=1000.0 delayedStart=false
2018-10-26 11:54:34,461 INFO o.a.j.t.ThreadGroup: Started thread group number 1
2018-10-26 11:54:34,461 INFO o.a.j.e.StandardJMeterEngine: All thread groups have been started
2018-10-26 11:54:34,467 INFO o.a.j.t.JMeterThread: Thread started: login_my_site 1-1
2018-10-26 11:54:35,088 INFO o.a.j.t.JMeterThread: Thread is done: login_my_site 1-1
2018-10-26 11:54:35,088 INFO o.a.j.t.JMeterThread: Thread finished: login_my_site 1-1
2018-10-26 11:54:35,088 INFO o.a.j.e.StandardJMeterEngine: Notifying test listeners of end of test
2018-10-26 11:54:35,089 INFO o.a.j.g.u.JMeterMenuBar: setRunning(false, *local*)
2018-10-26 11:55:08,269 INFO o.a.j.e.StandardJMeterEngine: Running the test!
2018-10-26 11:55:08,269 INFO o.a.j.s.SampleEvent: List of sample_variables: []
2018-10-26 11:55:08,270 INFO o.a.j.g.u.JMeterMenuBar: setRunning(true, *local*)
2018-10-26 11:55:08,419 INFO o.a.j.e.StandardJMeterEngine: Starting ThreadGroup: 1 : login_my_site
2018-10-26 11:55:08,419 INFO o.a.j.e.StandardJMeterEngine: Starting 1 threads for group login_my_site.
2018-10-26 11:55:08,419 INFO o.a.j.e.StandardJMeterEngine: Thread will continue on error
2018-10-26 11:55:08,419 INFO o.a.j.t.ThreadGroup: Starting thread group... number=1 threads=1 ramp-up=1 perThread=1000.0 delayedStart=false
2018-10-26 11:55:08,421 INFO o.a.j.t.ThreadGroup: Started thread group number 1
2018-10-26 11:55:08,421 INFO o.a.j.e.StandardJMeterEngine: All thread groups have been started
2018-10-26 11:55:08,421 INFO o.a.j.t.JMeterThread: Thread started: login_my_site 1-1
2018-10-26 11:55:10,011 INFO o.a.j.t.JMeterThread: Thread is done: login_my_site 1-1
2018-10-26 11:55:10,011 INFO o.a.j.t.JMeterThread: Thread finished: login_my_site 1-1
2018-10-26 11:55:10,012 INFO o.a.j.e.StandardJMeterEngine: Notifying test listeners of end of test
2018-10-26 11:55:10,012 INFO o.a.j.g.u.JMeterMenuBar: setRunning(false, *local*)
